This is pdfTeX, Version 3.14159265-2.6-1.40.20 (TeX Live 2019/Debian) (preloaded format=pdflatex 2021.5.3)  16 MAY 2021 10:18
entering extended mode
 restricted \write18 enabled.
 file:line:error style messages enabled.
 %&-line parsing enabled.
**/home/joachim/git/PythonKindergarten/projectreport/main.tex
(/home/joachim/git/PythonKindergarten/projectreport/main.tex
LaTeX2e <2020-02-02> patch level 2
L3 programming layer <2020-02-14> (/usr/share/texlive/texmf-dist/tex/latex/base/article.cls
Document Class: article 2019/12/20 v1.4l Standard LaTeX document class
(/usr/share/texlive/texmf-dist/tex/latex/base/size10.clo
File: size10.clo 2019/12/20 v1.4l Standard LaTeX file (size option)
)
\c@part=\count167
\c@section=\count168
\c@subsection=\count169
\c@subsubsection=\count170
\c@paragraph=\count171
\c@subparagraph=\count172
\c@figure=\count173
\c@table=\count174
\abovecaptionskip=\skip47
\belowcaptionskip=\skip48
\bibindent=\dimen134
) (/usr/share/texlive/texmf-dist/tex/latex/base/inputenc.sty
Package: inputenc 2018/08/11 v1.3c Input encoding file
\inpenc@prehook=\toks14
\inpenc@posthook=\toks15
) (/usr/share/texlive/texmf-dist/tex/latex/subfiles/subfiles.sty
Package: subfiles 2020/02/14 v1.6 Multi-file projects (package)
 (/usr/share/texlive/texmf-dist/tex/latex/import/import.sty
Package: import 2009/03/23  v 5.1
)) (/usr/share/texlive/texmf-dist/tex/latex/fancyhdr/fancyhdr.sty
Package: fancyhdr 2019/01/31 v3.10 Extensive control of page headers and footers
\f@nch@headwidth=\skip49
\f@nch@O@elh=\skip50
\f@nch@O@erh=\skip51
\f@nch@O@olh=\skip52
\f@nch@O@orh=\skip53
\f@nch@O@elf=\skip54
\f@nch@O@erf=\skip55
\f@nch@O@olf=\skip56
\f@nch@O@orf=\skip57
) (/usr/share/texlive/texmf-dist/tex/latex/graphics/graphicx.sty
Package: graphicx 2019/11/30 v1.2a Enhanced LaTeX Graphics (DPC,SPQR)
 (/usr/share/texlive/texmf-dist/tex/latex/graphics/keyval.sty
Package: keyval 2014/10/28 v1.15 key=value parser (DPC)
\KV@toks@=\toks16
) (/usr/share/texlive/texmf-dist/tex/latex/graphics/graphics.sty
Package: graphics 2019/11/30 v1.4a Standard LaTeX Graphics (DPC,SPQR)
 (/usr/share/texlive/texmf-dist/tex/latex/graphics/trig.sty
Package: trig 2016/01/03 v1.10 sin cos tan (DPC)
) (/usr/share/texlive/texmf-dist/tex/latex/graphics-cfg/graphics.cfg
File: graphics.cfg 2016/06/04 v1.11 sample graphics configuration
)
Package graphics Info: Driver file: pdftex.def on input line 105.
 (/usr/share/texlive/texmf-dist/tex/latex/graphics-def/pdftex.def
File: pdftex.def 2018/01/08 v1.0l Graphics/color driver for pdftex
))
\Gin@req@height=\dimen135
\Gin@req@width=\dimen136
) (/usr/share/texlive/texmf-dist/tex/latex/geometry/geometry.sty
Package: geometry 2020/01/02 v5.9 Page Geometry
 (/usr/share/texlive/texmf-dist/tex/generic/iftex/ifvtex.sty
Package: ifvtex 2019/10/25 v1.7 ifvtex legacy package. Use iftex instead.
 (/usr/share/texlive/texmf-dist/tex/generic/iftex/iftex.sty
Package: iftex 2019/11/07 v1.0c TeX engine tests
))
\Gm@cnth=\count175
\Gm@cntv=\count176
\c@Gm@tempcnt=\count177
\Gm@bindingoffset=\dimen137
\Gm@wd@mp=\dimen138
\Gm@odd@mp=\dimen139
\Gm@even@mp=\dimen140
\Gm@layoutwidth=\dimen141
\Gm@layoutheight=\dimen142
\Gm@layouthoffset=\dimen143
\Gm@layoutvoffset=\dimen144
\Gm@dimlist=\toks17
)

Package geometry Warning: Over-specification in `h'-direction.
    `width' (597.50787pt) is ignored.


Package geometry Warning: Over-specification in `v'-direction.
    `height' (845.04684pt) is ignored.

(/usr/share/texlive/texmf-dist/tex/latex/l3backend/l3backend-pdfmode.def
File: l3backend-pdfmode.def 2020-02-03 L3 backend support: PDF mode
\l__kernel_color_stack_int=\count178
\l__pdf_internal_box=\box45
) (/home/joachim/git/PythonKindergarten/projectreport/main.aux)
\openout1 = `main.aux'.

LaTeX Font Info:    Checking defaults for OML/cmm/m/it on input line 27.
LaTeX Font Info:    ... okay on input line 27.
LaTeX Font Info:    Checking defaults for OMS/cmsy/m/n on input line 27.
LaTeX Font Info:    ... okay on input line 27.
LaTeX Font Info:    Checking defaults for OT1/cmr/m/n on input line 27.
LaTeX Font Info:    ... okay on input line 27.
LaTeX Font Info:    Checking defaults for T1/cmr/m/n on input line 27.
LaTeX Font Info:    ... okay on input line 27.
LaTeX Font Info:    Checking defaults for TS1/cmr/m/n on input line 27.
LaTeX Font Info:    ... okay on input line 27.
LaTeX Font Info:    Checking defaults for OMX/cmex/m/n on input line 27.
LaTeX Font Info:    ... okay on input line 27.
LaTeX Font Info:    Checking defaults for U/cmr/m/n on input line 27.
LaTeX Font Info:    ... okay on input line 27.
 (/usr/share/texlive/texmf-dist/tex/context/base/mkii/supp-pdf.mkii
[Loading MPS to PDF converter (version 2006.09.02).]
\scratchcounter=\count179
\scratchdimen=\dimen145
\scratchbox=\box46
\nofMPsegments=\count180
\nofMParguments=\count181
\everyMPshowfont=\toks18
\MPscratchCnt=\count182
\MPscratchDim=\dimen146
\MPnumerator=\count183
\makeMPintoPDFobject=\count184
\everyMPtoPDFconversion=\toks19
) (/usr/share/texlive/texmf-dist/tex/latex/epstopdf-pkg/epstopdf-base.sty
Package: epstopdf-base 2020-01-24 v2.11 Base part for package epstopdf
Package epstopdf-base Info: Redefining graphics rule for `.eps' on input line 485.
 (/usr/share/texlive/texmf-dist/tex/latex/latexconfig/epstopdf-sys.cfg
File: epstopdf-sys.cfg 2010/07/13 v1.3 Configuration of (r)epstopdf for TeX Live
))
*geometry* driver: auto-detecting
*geometry* detected driver: pdftex
*geometry* verbose mode - [ preamble ] result:
* driver: pdftex
* paper: a4paper
* layout: <same size as paper>
* layoutoffset:(h,v)=(0.0pt,0.0pt)
* modes: 
* h-part:(L,W,R)=(85.35826pt, 426.79135pt, 85.35826pt)
* v-part:(T,H,B)=(71.13188pt, 717.00946pt, 56.9055pt)
* \paperwidth=597.50787pt
* \paperheight=845.04684pt
* \textwidth=426.79135pt
* \textheight=717.00946pt
* \oddsidemargin=13.08827pt
* \evensidemargin=13.08827pt
* \topmargin=-38.1381pt
* \headheight=12.0pt
* \headsep=25.0pt
* \topskip=10.0pt
* \footskip=30.0pt
* \marginparwidth=65.0pt
* \marginparsep=11.0pt
* \columnsep=10.0pt
* \skip\footins=9.0pt plus 4.0pt minus 2.0pt
* \hoffset=0.0pt
* \voffset=0.0pt
* \mag=1000
* \@twocolumnfalse
* \@twosidefalse
* \@mparswitchfalse
* \@reversemarginfalse
* (1in=72.27pt=25.4mm, 1cm=28.453pt)

LaTeX Font Info:    External font `cmex10' loaded for size
(Font)              <12> on input line 29.
LaTeX Font Info:    External font `cmex10' loaded for size
(Font)              <8> on input line 29.
LaTeX Font Info:    External font `cmex10' loaded for size
(Font)              <6> on input line 29.
[1

{/var/lib/texmf/fonts/map/pdftex/updmap/pdftex.map}]
No file main.toc.
\tf@toc=\write3
\openout3 = `main.toc'.

[2] (/home/joachim/git/PythonKindergarten/projectreport/sections/introduction.tex)
Overfull \hbox (22.9874pt too wide) in paragraph at lines 7--38
[]\OT1/cmr/m/n/10 Thereafter, var-i-ous De-vOps tools, such as vir-tu-al-iza-tion, au-to-mated de-ploy-ment, log-ging/monitoring,
 []

[3] (/home/joachim/git/PythonKindergarten/projectreport/sections/LessonsLearnedPerspective.tex
<images/downperiodes.png, id=16, 371.88937pt x 261.22594pt>
File: images/downperiodes.png Graphic file (type png)
<use images/downperiodes.png>
Package pdftex.def Info: images/downperiodes.png  used on input line 25.
(pdftex.def)             Requested size: 260.32079pt x 182.85689pt.


LaTeX Warning: Citation `devopshandbook' on page 4 undefined on input line 41.

[4 </home/joachim/git/PythonKindergarten/projectreport/images/downperiodes.png>]) [5] (/home/joachim/git/PythonKindergarten/projectreport/sections/ProcessPerspective.tex
Underfull \hbox (badness 10000) in paragraph at lines 5--10

 []

<images/CIpipelinediagram.png, id=26, 632.3625pt x 280.04625pt>
File: images/CIpipelinediagram.png Graphic file (type png)
<use images/CIpipelinediagram.png>
Package pdftex.def Info: images/CIpipelinediagram.png  used on input line 27.
(pdftex.def)             Requested size: 442.65074pt x 196.03102pt.

Overfull \hbox (15.85939pt too wide) in paragraph at lines 27--28
 [][] 
 []


Underfull \hbox (badness 10000) in paragraph at lines 35--36

 []


Underfull \hbox (badness 10000) in paragraph at lines 38--41

 []

[6 </home/joachim/git/PythonKindergarten/projectreport/images/CIpipelinediagram.png>]

LaTeX Warning: Citation `lecture02' on page 7 undefined on input line 44.


LaTeX Warning: Citation `prometheusnet' on page 7 undefined on input line 67.


LaTeX Warning: Citation `prometheusdotnetmetrics' on page 7 undefined on input line 71.


LaTeX Warning: Citation `prometheusaspnet' on page 7 undefined on input line 71.


Overfull \hbox (18.8205pt too wide) in paragraph at lines 67--83
\OT1/cmr/m/n/10 To ex-tend the de-fault met-rics pro-vided by prometheus-net, we use two ad-di-tional pack-ages: prometheus-
 []


Underfull \hbox (badness 10000) in paragraph at lines 67--83

 []


Underfull \hbox (badness 10000) in paragraph at lines 85--88

 []

[7]

/home/joachim/git/PythonKindergarten/projectreport/sections/ProcessPerspective.tex:99: LaTeX Error: Environment lstlisting undefined.

See the LaTeX manual or LaTeX Companion for explanation.
Type  H <return>  for immediate help.
 ...                                              
                                                  
l.99 \begin{lstlisting}
                       
Your command was ignored.
Type  I <command> <return>  to replace it with another command,
or  <return>  to continue without it.


/home/joachim/git/PythonKindergarten/projectreport/sections/ProcessPerspective.tex:101: LaTeX Error: \begin{document} ended by \end{lstlisting}.

See the LaTeX manual or LaTeX Companion for explanation.
Type  H <return>  for immediate help.
 ...                                              
                                                  
l.101 \end{lstlisting}
                      
Your command was ignored.
Type  I <command> <return>  to replace it with another command,
or  <return>  to continue without it.

) [8] [9] (/home/joachim/git/PythonKindergarten/projectreport/sections/SystemsPerspective.tex
Overfull \hbox (36.28372pt too wide) in paragraph at lines 30--34
\OT1/cmr/m/n/10 proxy for rout-ing of sub-do-main ac-cess, e.g. mas-ter.pythonkindergarten.tech, slave.pythonkindergarten.tech,
 []


Underfull \hbox (badness 10000) in paragraph at lines 30--34

 []

[10]
Underfull \hbox (badness 10000) in paragraph at lines 58--60

 []

<images/InteractionDiagram.png, id=44, 406.51875pt x 397.485pt>
File: images/InteractionDiagram.png Graphic file (type png)
<use images/InteractionDiagram.png>
Package pdftex.def Info: images/InteractionDiagram.png  used on input line 63.
(pdftex.def)             Requested size: 284.56117pt x 278.2376pt.
[11 </home/joachim/git/PythonKindergarten/projectreport/images/InteractionDiagram.png>]
<images/sonar_latest_report.PNG, id=49, 740.7675pt x 663.98062pt>
File: images/sonar_latest_report.PNG Graphic file (type png)
<use images/sonar_latest_report.PNG>
Package pdftex.def Info: images/sonar_latest_report.PNG  used on input line 96.
(pdftex.def)             Requested size: 370.38284pt x 331.98949pt.


LaTeX Warning: `!h' float specifier changed to `!ht'.

) [12] [13 </home/joachim/git/PythonKindergarten/projectreport/images/sonar_latest_report.PNG>] (/home/joachim/git/PythonKindergarten/projectreport/main.aux)

LaTeX Warning: There were undefined references.


LaTeX Warning: Label(s) may have changed. Rerun to get cross-references right.

 ) 
Here is how much of TeX's memory you used:
 1933 strings out of 483183
 29347 string characters out of 5966293
 267739 words of memory out of 5000000
 16937 multiletter control sequences out of 15000+600000
 537274 words of font info for 40 fonts, out of 8000000 for 9000
 14 hyphenation exceptions out of 8191
 30i,10n,45p,1316b,316s stack positions out of 5000i,500n,10000p,200000b,80000s
 </home/joachim/.texlive2019/texmf-var/fonts/pk/ljfour/jknappen/ec/tcrm1000.600pk></usr/share/texlive/texmf-dist/fonts/type1/public/amsfonts/cm/cmbx10.pfb></usr/share/texlive/texmf-dist/fonts/type1/public/amsfonts/cm/cmbx12.pfb></usr/share/texlive/texmf-dist/fonts/type1/public/amsfonts/cm/cmr10.pfb></usr/share/texlive/texmf-dist/fonts/type1/public/amsfonts/cm/cmr12.pfb></usr/share/texlive/texmf-dist/fonts/type1/public/amsfonts/cm/cmr17.pfb></usr/share/texlive/texmf-dist/fonts/type1/public/amsfonts/cm/cmti10.pfb>
Output written on /home/joachim/git/PythonKindergarten/projectreport/main.pdf (13 pages, 280012 bytes).
PDF statistics:
 83 PDF objects out of 1000 (max. 8388607)
 54 compressed objects within 1 object stream
 0 named destinations out of 1000 (max. 500000)
 21 words of extra memory for PDF output out of 10000 (max. 10000000)

